nohup: ignoring input
INFO:root:Downloading and generating the schema...
INFO:root:Generated the schema for 2018_10_02. A database will be created at mysql+pymysql://USERNAME:PASSWORD@DB_PATH.eu-west-2.rds.amazonaws.com/patstat_2018_10_02
INFO:root:Processing file download/files/2018/10/02/1538467438194/data_PATSTAT_Global_2018_Autumn_01.zip...
INFO:root:		Skipping tls201_part01.zip
INFO:root:		Skipping tls201_part02.zip
INFO:root:		Skipping tls201_part03.zip
INFO:root:		Skipping tls201_part04.zip
INFO:root:		Skipping tls201_part05.zip
INFO:root:		Skipping tls201_part06.zip
INFO:root:		Skipping tls201_part07.zip
INFO:root:		Skipping tls201_part08.zip
INFO:root:		Skipping tls201_part09.zip
INFO:root:		Skipping tls201_part10.zip
INFO:root:Processing file download/files/2018/10/02/1538468099890/data_PATSTAT_Global_2018_Autumn_02.zip...
INFO:root:		Skipping tls202_part01.zip
INFO:root:		Skipping tls202_part02.zip
INFO:root:		Skipping tls202_part03.zip
INFO:root:		Skipping tls203_part01.zip
INFO:root:		Skipping tls203_part02.zip
INFO:root:		Skipping tls203_part03.zip
INFO:root:		Skipping tls203_part04.zip
INFO:root:Processing file download/files/2018/10/02/1538469289043/data_PATSTAT_Global_2018_Autumn_03.zip...
INFO:root:		Skipping tls203_part05.zip
INFO:root:		Skipping tls203_part06.zip
INFO:root:		Skipping tls203_part07.zip
INFO:root:		Skipping tls203_part08.zip
INFO:root:		Skipping tls203_part09.zip
INFO:root:		Skipping tls203_part10.zip
INFO:root:		Skipping tls203_part11.zip
INFO:root:		Skipping tls203_part12.zip
INFO:root:		Skipping tls203_part13.zip
INFO:root:Processing file download/files/2018/10/02/1538470302447/data_PATSTAT_Global_2018_Autumn_04.zip...
INFO:root:		Skipping tls203_part14.zip
INFO:root:		Skipping tls203_part15.zip
INFO:root:		Skipping tls203_part16.zip
INFO:root:		Skipping tls203_part17.zip
INFO:root:		Skipping tls203_part18.zip
INFO:root:		Skipping tls203_part19.zip
INFO:root:		Skipping tls203_part20.zip
INFO:root:		Skipping tls203_part21.zip
INFO:root:		Skipping tls203_part22.zip
INFO:root:Processing file download/files/2018/10/02/1538471064334/data_PATSTAT_Global_2018_Autumn_05.zip...
INFO:root:		Skipping tls203_part23.zip
INFO:root:		Skipping tls203_part24.zip
INFO:root:		Skipping tls203_part25.zip
INFO:root:		Skipping tls203_part26.zip
INFO:root:		Skipping tls203_part27.zip
INFO:root:		Skipping tls203_part28.zip
INFO:root:		Skipping tls203_part29.zip
INFO:root:		Skipping tls203_part30.zip
INFO:root:Processing file download/files/2018/10/02/1538471877519/data_PATSTAT_Global_2018_Autumn_06.zip...
INFO:root:		Skipping tls203_part31.zip
INFO:root:		Skipping tls203_part32.zip
INFO:root:		Skipping tls203_part33.zip
INFO:root:		Skipping tls203_part34.zip
INFO:root:		Skipping tls204_part01.zip
INFO:root:		Skipping tls205_part01.zip
INFO:root:	Processing nested file tls206_part01.zip...
INFO:root:		Retrieved class from table name tls206.
INFO:root:		Written 12500000 entries for tls206.
INFO:root:	Processing nested file tls206_part02.zip...
INFO:root:		Retrieved class from table name tls206.
INFO:root:		Written 12500000 entries for tls206.
INFO:root:	Processing nested file tls206_part03.zip...
INFO:root:		Retrieved class from table name tls206.
INFO:root:		Written 12500000 entries for tls206.
INFO:root:Processing file download/files/2018/10/02/1538479169210/data_PATSTAT_Global_2018_Autumn_07.zip...
INFO:root:	Processing nested file tls206_part04.zip...
INFO:root:		Retrieved class from table name tls206.
/home/ec2-user/miniconda3/envs/py36/lib/python3.6/site-packages/pymysql/cursors.py:170: Warning: (1366, "Incorrect string value: '\\xF1\\xA2\\xA8\\xB3\\xD9\\x84...' for column 'person_address' at row 154")
  result = self._query(query)
INFO:root:		Written 12500000 entries for tls206.
INFO:root:	Processing nested file tls206_part05.zip...
INFO:root:		Retrieved class from table name tls206.
/home/ec2-user/miniconda3/envs/py36/lib/python3.6/site-packages/pymysql/cursors.py:170: Warning: (1366, "Incorrect string value: '\\xF2\\x80\\x99\\x88\\xD9\\x84...' for column 'person_address' at row 7452")
  result = self._query(query)
INFO:root:		Written 7682355 entries for tls206.
INFO:root:	Processing nested file tls207_part01.zip...
INFO:root:		Retrieved class from table name tls207.
INFO:root:		Written 80000000 entries for tls207.
INFO:root:	Processing nested file tls207_part02.zip...
INFO:root:		Retrieved class from table name tls207.
INFO:root:		Written 80000000 entries for tls207.
INFO:root:	Processing nested file tls207_part03.zip...
INFO:root:		Retrieved class from table name tls207.
INFO:root:		Written 74935983 entries for tls207.
INFO:root:	Processing nested file tls209_part01.zip...
INFO:root:		Retrieved class from table name tls209.
INFO:root:		Written 32000000 entries for tls209.
INFO:root:	Processing nested file tls209_part02.zip...
INFO:root:		Retrieved class from table name tls209.
INFO:root:		Written 32000000 entries for tls209.
INFO:root:	Processing nested file tls209_part03.zip...
INFO:root:		Retrieved class from table name tls209.
INFO:root:		Written 32000000 entries for tls209.
INFO:root:	Processing nested file tls209_part04.zip...
INFO:root:		Retrieved class from table name tls209.
INFO:root:		Written 32000000 entries for tls209.
INFO:root:	Processing nested file tls209_part05.zip...
INFO:root:		Retrieved class from table name tls209.
INFO:root:		Written 32000000 entries for tls209.
INFO:root:	Processing nested file tls209_part06.zip...
INFO:root:		Retrieved class from table name tls209.
INFO:root:		Written 32000000 entries for tls209.
INFO:root:	Processing nested file tls209_part07.zip...
INFO:root:		Retrieved class from table name tls209.
INFO:root:		Written 32000000 entries for tls209.
INFO:root:	Processing nested file tls209_part08.zip...
INFO:root:		Retrieved class from table name tls209.
INFO:root:		Written 17260060 entries for tls209.
INFO:root:Processing file download/files/2018/10/02/1538481390735/data_PATSTAT_Global_2018_Autumn_08.zip...
INFO:root:	Processing nested file tls210_part01.zip...
INFO:root:		Retrieved class from table name tls210.
INFO:root:		Written 25800658 entries for tls210.
INFO:root:	Processing nested file tls211_part01.zip...
INFO:root:		Retrieved class from table name tls211.
INFO:root:		Written 25000000 entries for tls211.
INFO:root:	Processing nested file tls211_part02.zip...
INFO:root:		Retrieved class from table name tls211.
INFO:root:		Written 25000000 entries for tls211.
INFO:root:	Processing nested file tls211_part03.zip...
INFO:root:		Retrieved class from table name tls211.
INFO:root:		Written 25000000 entries for tls211.
INFO:root:	Processing nested file tls211_part04.zip...
INFO:root:		Retrieved class from table name tls211.
INFO:root:		Written 25000000 entries for tls211.
INFO:root:	Processing nested file tls211_part05.zip...
INFO:root:		Retrieved class from table name tls211.
INFO:root:		Written 12331074 entries for tls211.
INFO:root:	Processing nested file tls212_part01.zip...
INFO:root:		Retrieved class from table name tls212.
INFO:root:		Written 40000000 entries for tls212.
INFO:root:	Processing nested file tls212_part02.zip...
INFO:root:		Retrieved class from table name tls212.
INFO:root:		Written 40000000 entries for tls212.
INFO:root:	Processing nested file tls212_part03.zip...
INFO:root:		Retrieved class from table name tls212.
INFO:root:		Written 40000000 entries for tls212.
INFO:root:	Processing nested file tls212_part04.zip...
INFO:root:		Retrieved class from table name tls212.
INFO:root:		Written 40000000 entries for tls212.
INFO:root:	Processing nested file tls212_part05.zip...
INFO:root:		Retrieved class from table name tls212.
INFO:root:		Written 40000000 entries for tls212.
INFO:root:Processing file download/files/2018/10/02/1538482249498/data_PATSTAT_Global_2018_Autumn_09.zip...
INFO:root:	Processing nested file tls212_part06.zip...
INFO:root:		Retrieved class from table name tls212.
INFO:root:		Written 40000000 entries for tls212.
INFO:root:	Processing nested file tls212_part07.zip...
INFO:root:		Retrieved class from table name tls212.
INFO:root:		Written 40000000 entries for tls212.
INFO:root:	Processing nested file tls212_part08.zip...
INFO:root:		Retrieved class from table name tls212.
INFO:root:		Written 31552851 entries for tls212.
INFO:root:	Processing nested file tls214_part01.zip...
INFO:root:		Retrieved class from table name tls214.
/home/ec2-user/miniconda3/envs/py36/lib/python3.6/site-packages/pymysql/cursors.py:170: Warning: (1366, "Incorrect string value: '\\xF0\\x9D\\x91\\xA5GA...' for column 'npl_biblio' at row 1090")
  result = self._query(query)
INFO:root:		Written 8000000 entries for tls214.
INFO:root:	Processing nested file tls214_part02.zip...
INFO:root:		Retrieved class from table name tls214.
INFO:root:		Written 8000000 entries for tls214.
INFO:root:	Processing nested file tls214_part03.zip...
INFO:root:		Retrieved class from table name tls214.
/home/ec2-user/miniconda3/envs/py36/lib/python3.6/site-packages/pymysql/cursors.py:170: Warning: (1366, "Incorrect string value: '\\xF0\\x9D\\x9C\\xB6-s...' for column 'npl_biblio' at row 2064")
  result = self._query(query)
/home/ec2-user/miniconda3/envs/py36/lib/python3.6/site-packages/pymysql/cursors.py:170: Warning: (1366, "Incorrect string value: '\\xF0\\x9D\\x91\\x98 f...' for column 'npl_biblio' at row 1551")
  result = self._query(query)
/home/ec2-user/miniconda3/envs/py36/lib/python3.6/site-packages/pymysql/cursors.py:170: Warning: (1366, "Incorrect string value: '\\xF0\\x9D\\x91\\x98 f...' for column 'npl_title1' at row 1551")
  result = self._query(query)
/home/ec2-user/miniconda3/envs/py36/lib/python3.6/site-packages/pymysql/cursors.py:170: Warning: (1366, "Incorrect string value: '\\xF0\\x9D\\x9B\\xBD-N...' for column 'npl_biblio' at row 478")
  result = self._query(query)
/home/ec2-user/miniconda3/envs/py36/lib/python3.6/site-packages/pymysql/cursors.py:170: Warning: (1366, "Incorrect string value: '\\xF0\\x9D\\x9B\\xBD-N...' for column 'npl_title1' at row 478")
  result = self._query(query)
/home/ec2-user/miniconda3/envs/py36/lib/python3.6/site-packages/pymysql/cursors.py:170: Warning: (1366, "Incorrect string value: '\\xF0\\xA0\\x85\\xA4\\xE6\\x99...' for column 'npl_biblio' at row 1245")
  result = self._query(query)
/home/ec2-user/miniconda3/envs/py36/lib/python3.6/site-packages/pymysql/cursors.py:170: Warning: (1366, "Incorrect string value: '\\xF0\\xA0\\x85\\xA4\\xE6\\x99...' for column 'npl_author' at row 1245")
  result = self._query(query)
/home/ec2-user/miniconda3/envs/py36/lib/python3.6/site-packages/pymysql/cursors.py:170: Warning: (1366, "Incorrect string value: '\\xF0\\x9D\\x9B\\xBC-,...' for column 'npl_biblio' at row 2147")
  result = self._query(query)
/home/ec2-user/miniconda3/envs/py36/lib/python3.6/site-packages/pymysql/cursors.py:170: Warning: (1366, "Incorrect string value: '\\xF0\\x9D\\x9B\\xBC-,...' for column 'npl_title1' at row 2147")
  result = self._query(query)
INFO:root:		Written 8000000 entries for tls214.
INFO:root:	Processing nested file tls214_part04.zip...
INFO:root:		Retrieved class from table name tls214.
/home/ec2-user/miniconda3/envs/py36/lib/python3.6/site-packages/pymysql/cursors.py:170: Warning: (1366, "Incorrect string value: '\\xF0\\x9D\\x9C\\xB6-s...' for column 'npl_biblio' at row 1707")
  result = self._query(query)
/home/ec2-user/miniconda3/envs/py36/lib/python3.6/site-packages/pymysql/cursors.py:170: Warning: (1366, "Incorrect string value: '\\xF0\\x9D\\x9C\\xB6-s...' for column 'npl_title1' at row 1707")
  result = self._query(query)
/home/ec2-user/miniconda3/envs/py36/lib/python3.6/site-packages/pymysql/cursors.py:170: Warning: (1366, "Incorrect string value: '\\xF0\\x9D\\x90\\xB4\\xF0\\x9D...' for column 'npl_biblio' at row 1252")
  result = self._query(query)
/home/ec2-user/miniconda3/envs/py36/lib/python3.6/site-packages/pymysql/cursors.py:170: Warning: (1366, "Incorrect string value: '\\xF0\\x9D\\x90\\xB4\\xF0\\x9D...' for column 'npl_title1' at row 1252")
  result = self._query(query)
INFO:root:		Written 8000000 entries for tls214.
INFO:root:Processing file download/files/2018/10/02/1538483672678/data_PATSTAT_Global_2018_Autumn_10.zip...
INFO:root:	Processing nested file tls214_part05.zip...
INFO:root:		Retrieved class from table name tls214.
/home/ec2-user/miniconda3/envs/py36/lib/python3.6/site-packages/pymysql/cursors.py:170: Warning: (1366, "Incorrect string value: '\\xF0\\x9D\\x9B\\xBDan...' for column 'npl_biblio' at row 11")
  result = self._query(query)
/home/ec2-user/miniconda3/envs/py36/lib/python3.6/site-packages/pymysql/cursors.py:170: Warning: (1366, "Incorrect string value: '\\xF0\\x9D\\x9B\\xBDan...' for column 'npl_title1' at row 11")
  result = self._query(query)
INFO:root:		Written 7128603 entries for tls214.
INFO:root:	Processing nested file tls215_part01.zip...
INFO:root:		Retrieved class from table name tls215.
INFO:root:		Written 62267251 entries for tls215.
INFO:root:	Processing nested file tls216_part01.zip...
INFO:root:		Retrieved class from table name tls216.
INFO:root:		Written 3337377 entries for tls216.
INFO:root:	Processing nested file tls222_part01.zip...
INFO:root:		Retrieved class from table name tls222.
INFO:root:		Written 50000000 entries for tls222.
INFO:root:	Processing nested file tls222_part02.zip...
INFO:root:		Retrieved class from table name tls222.
INFO:root:		Written 50000000 entries for tls222.
INFO:root:	Processing nested file tls222_part03.zip...
INFO:root:		Retrieved class from table name tls222.
INFO:root:		Written 50000000 entries for tls222.
INFO:root:	Processing nested file tls222_part04.zip...
INFO:root:		Retrieved class from table name tls222.
INFO:root:		Written 50000000 entries for tls222.
INFO:root:	Processing nested file tls222_part05.zip...
INFO:root:		Retrieved class from table name tls222.
INFO:root:		Written 50000000 entries for tls222.
INFO:root:	Processing nested file tls222_part06.zip...
INFO:root:		Retrieved class from table name tls222.
INFO:root:		Written 50000000 entries for tls222.
INFO:root:	Processing nested file tls222_part07.zip...
INFO:root:		Retrieved class from table name tls222.
INFO:root:		Written 42520758 entries for tls222.
INFO:root:	Processing nested file tls223_part01.zip...
INFO:root:		Retrieved class from table name tls223.
INFO:root:		Written 39008403 entries for tls223.
INFO:root:	Processing nested file tls224_part01.zip...
INFO:root:		Retrieved class from table name tls224.
INFO:root:		Written 30000000 entries for tls224.
INFO:root:	Processing nested file tls224_part02.zip...
INFO:root:		Retrieved class from table name tls224.
INFO:root:		Written 30000000 entries for tls224.
INFO:root:	Processing nested file tls224_part03.zip...
INFO:root:		Retrieved class from table name tls224.
INFO:root:		Written 30000000 entries for tls224.
INFO:root:	Processing nested file tls224_part04.zip...
INFO:root:		Retrieved class from table name tls224.
INFO:root:		Written 30000000 entries for tls224.
INFO:root:	Processing nested file tls224_part05.zip...
INFO:root:		Retrieved class from table name tls224.
INFO:root:		Written 30000000 entries for tls224.
INFO:root:Processing file download/files/2018/10/02/1538484334898/data_PATSTAT_Global_2018_Autumn_11.zip...
INFO:root:	Processing nested file tls224_part06.zip...
INFO:root:		Retrieved class from table name tls224.
INFO:root:		Written 30000000 entries for tls224.
INFO:root:	Processing nested file tls224_part07.zip...
INFO:root:		Retrieved class from table name tls224.
INFO:root:		Written 30000000 entries for tls224.
INFO:root:	Processing nested file tls224_part08.zip...
INFO:root:		Retrieved class from table name tls224.
INFO:root:		Written 19412038 entries for tls224.
INFO:root:	Processing nested file tls226_part01.zip...
INFO:root:		Retrieved class from table name tls226.
INFO:root:		Written 15000000 entries for tls226.
INFO:root:	Processing nested file tls226_part02.zip...
INFO:root:		Retrieved class from table name tls226.
INFO:root:		Written 15000000 entries for tls226.
INFO:root:	Processing nested file tls226_part03.zip...
INFO:root:		Retrieved class from table name tls226.
INFO:root:		Written 15000000 entries for tls226.
INFO:root:	Processing nested file tls226_part04.zip...
INFO:root:		Retrieved class from table name tls226.
